<?xml version="1.0" encoding="UTF-8"?>
<!-- Generated by org.testng.reporters.JUnitReportReporter -->
<testsuite hostname="Abshaalom" failures="0" tests="1" name="testng.Parameterspgm" time="0.015" errors="0" timestamp="2024-09-06T11:49:53 IST" skipped="0">
  <testcase classname="testng.Parameterspgm" name="test" time="0.015"/>
  <system-out/>
</testsuite> <!-- testng.Parameterspgm -->
