<?xml version="1.0" encoding="UTF-8"?>
<!-- Generated by org.testng.reporters.JUnitReportReporter -->
<testsuite hostname="Abshaalom" failures="0" tests="3" name="testng.Activityrediff" time="71.232" errors="0" timestamp="2024-09-09T11:11:51 IST" skipped="0">
  <testcase classname="testng.Activityrediff" name="checkbox" time="24.774"/>
  <system-out/>
  <testcase classname="testng.Activityrediff" name="Logo" time="22.959"/>
  <system-out/>
  <testcase classname="testng.Activityrediff" name="radiobutton" time="23.499"/>
  <system-out/>
</testsuite> <!-- testng.Activityrediff -->
