<?xml version="1.0" encoding="UTF-8"?>
<!-- Generated by org.testng.reporters.JUnitReportReporter -->
<testsuite hostname="Abshaalom" failures="0" tests="1" name="testng.Guru99dragdrop" time="1.193" errors="0" timestamp="2024-09-10T12:17:21 IST" skipped="0">
  <testcase classname="testng.Guru99dragdrop" name="test" time="1.193"/>
  <system-out/>
</testsuite> <!-- testng.Guru99dragdrop -->
