<?xml version="1.0" encoding="UTF-8"?>
<!-- Generated by org.testng.reporters.JUnitReportReporter -->
<testsuite hostname="Abshaalom" failures="0" tests="1" name="testng.Activityguru99demosite" time="0.390" errors="0" timestamp="2024-09-09T12:22:31 IST" skipped="0">
  <testcase classname="testng.Activityguru99demosite" name="test" time="0.390"/>
  <system-out/>
</testsuite> <!-- testng.Activityguru99demosite -->
