<?xml version="1.0" encoding="UTF-8"?>
<!-- Generated by org.testng.reporters.JUnitReportReporter -->
<testsuite hostname="Abshaalom" failures="0" tests="3" name="testng.Jansyaactivity" time="0.340" errors="0" timestamp="2024-09-19T12:57:10 IST" skipped="0">
  <testcase classname="testng.Jansyaactivity" name="screenshot" time="0.263"/>
  <system-out/>
  <testcase classname="testng.Jansyaactivity" name="titleverification" time="0.012"/>
  <system-out/>
  <testcase classname="testng.Jansyaactivity" name="linkverification" time="0.065"/>
  <system-out/>
</testsuite> <!-- testng.Jansyaactivity -->
