<?xml version="1.0" encoding="UTF-8"?>
<!-- Generated by org.testng.reporters.JUnitReportReporter -->
<testsuite hostname="Abshaalom" failures="0" tests="2" name="testng.Crossbrowsertesting" time="5.549" errors="0" timestamp="2024-09-10T11:39:13 IST" skipped="0">
  <testcase classname="testng.Crossbrowsertesting" name="test" time="3.368"/>
  <system-out/>
  <testcase classname="testng.Crossbrowsertesting" name="test" time="2.181"/>
  <system-out/>
</testsuite> <!-- testng.Crossbrowsertesting -->
