<?xml version="1.0" encoding="UTF-8"?>
<!-- Generated by org.testng.reporters.JUnitReportReporter -->
<testsuite hostname="Abshaalom" failures="0" tests="1" name="testng.Activityebay" time="3.121" errors="0" timestamp="2024-09-10T11:09:11 IST" skipped="0">
  <testcase classname="testng.Activityebay" name="test" time="3.121"/>
  <system-out/>
</testsuite> <!-- testng.Activityebay -->
