<?xml version="1.0" encoding="UTF-8"?>
<!-- Generated by org.testng.reporters.JUnitReportReporter -->
<testsuite hostname="Abshaalom" failures="0" tests="1" name="testng.Fileuploadusingrobotclass" time="3.463" errors="0" timestamp="2024-09-18T12:25:48 IST" skipped="0">
  <testcase classname="testng.Fileuploadusingrobotclass" name="test" time="3.463"/>
  <system-out/>
</testsuite> <!-- testng.Fileuploadusingrobotclass -->
