<?xml version="1.0" encoding="UTF-8"?>
<!-- Generated by org.testng.reporters.JUnitReportReporter -->
<testsuite hostname="Abshaalom" failures="0" tests="1" name="testng.Activityrediffbuttonverification" time="0.044" errors="0" timestamp="2024-09-10T12:40:37 IST" skipped="0">
  <testcase classname="testng.Activityrediffbuttonverification" name="test" time="0.044"/>
  <system-out/>
</testsuite> <!-- testng.Activityrediffbuttonverification -->
