<?xml version="1.0" encoding="UTF-8"?>
<!-- Generated by org.testng.reporters.JUnitReportReporter -->
<testsuite hostname="Abshaalom" failures="0" tests="1" name="testng.Datepickerpgm" time="0.418" errors="0" timestamp="2024-09-20T12:10:47 IST" skipped="0">
  <testcase classname="testng.Datepickerpgm" name="test" time="0.418"/>
  <system-out/>
</testsuite> <!-- testng.Datepickerpgm -->
