<?xml version="1.0" encoding="UTF-8"?>
<!-- Generated by org.testng.reporters.JUnitReportReporter -->
<testsuite hostname="Abshaalom" failures="0" tests="1" name="testng.Amazonactivitywithwindowhandling" time="76.941" errors="0" timestamp="2024-09-25T11:06:47 IST" skipped="0">
  <testcase classname="testng.Amazonactivitywithwindowhandling" name="test" time="76.941"/>
  <system-out/>
</testsuite> <!-- testng.Amazonactivitywithwindowhandling -->
