<?xml version="1.0" encoding="UTF-8"?>
<!-- Generated by org.testng.reporters.JUnitReportReporter -->
<testsuite hostname="Abshaalom" failures="0" tests="1" name="testng.Windowhandlingpgm" time="4.348" errors="0" timestamp="2024-09-24T11:33:09 IST" skipped="0">
  <testcase classname="testng.Windowhandlingpgm" name="test" time="4.348"/>
  <system-out/>
</testsuite> <!-- testng.Windowhandlingpgm -->
