<?xml version="1.0" encoding="UTF-8"?>
<!-- Generated by org.testng.reporters.JUnitReportReporter -->
<testsuite hostname="Abshaalom" failures="0" tests="1" name="testng.Assertpgm" time="0.015" errors="0" timestamp="2024-09-20T12:35:50 IST" skipped="0">
  <testcase classname="testng.Assertpgm" name="test" time="0.015"/>
  <system-out/>
</testsuite> <!-- testng.Assertpgm -->
