<?xml version="1.0" encoding="UTF-8"?>
<!-- Generated by org.testng.reporters.JUnitReportReporter -->
<testsuite hostname="Abshaalom" failures="0" tests="1" name="testng.Dropdowndisplayrediff" time="0.022" errors="0" timestamp="2024-09-19T11:08:52 IST" skipped="0">
  <testcase classname="testng.Dropdowndisplayrediff" name="test" time="0.022"/>
  <system-out/>
</testsuite> <!-- testng.Dropdowndisplayrediff -->
