<?xml version="1.0" encoding="UTF-8"?>
<!-- Generated by org.testng.reporters.JUnitReportReporter -->
<testsuite hostname="Abshaalom" failures="0" tests="1" name="testng.Activityfacebook" time="0.227" errors="0" timestamp="2024-09-06T12:26:02 IST" skipped="0">
  <testcase classname="testng.Activityfacebook" name="test" time="0.227"/>
  <system-out/>
</testsuite> <!-- testng.Activityfacebook -->
