<?xml version="1.0" encoding="UTF-8"?>
<!-- Generated by org.testng.reporters.JUnitReportReporter -->
<testsuite hostname="Abshaalom" failures="0" tests="1" name="testpkg.Fblogintest" time="0.194" errors="0" timestamp="2024-09-25T12:05:06 IST" skipped="0">
  <testcase classname="testpkg.Fblogintest" name="test1" time="0.194"/>
  <system-out/>
</testsuite> <!-- testpkg.Fblogintest -->
