<?xml version="1.0" encoding="UTF-8"?>
<!-- Generated by org.testng.reporters.JUnitReportReporter -->
<testsuite hostname="Abshaalom" failures="0" tests="1" name="testpkg.Createpagetest" time="2.540" errors="0" timestamp="2024-09-25T13:00:29 IST" skipped="0">
  <testcase classname="testpkg.Createpagetest" name="test" time="2.540"/>
  <system-out/>
</testsuite> <!-- testpkg.Createpagetest -->
