<?xml version="1.0" encoding="UTF-8"?>
<!-- Generated by org.testng.reporters.JUnitReportReporter -->
<testsuite hostname="Abshaalom" failures="0" tests="1" name="testng.Fileuploadusingsendkeys" time="0.192" errors="0" timestamp="2024-09-18T11:53:51 IST" skipped="0">
  <testcase classname="testng.Fileuploadusingsendkeys" name="test" time="0.192"/>
  <system-out/>
</testsuite> <!-- testng.Fileuploadusingsendkeys -->
