<?xml version="1.0" encoding="UTF-8"?>
<!-- Generated by org.testng.reporters.JUnitReportReporter -->
<testsuite hostname="Abshaalom" failures="0" tests="2" name="testng.testngpgm" time="0.014" errors="0" timestamp="2024-09-06T11:49:35 IST" skipped="0">
  <testcase classname="testng.testngpgm" name="test2" time="0.010"/>
  <system-out/>
  <testcase classname="testng.testngpgm" name="test3" time="0.004"/>
  <system-out/>
</testsuite> <!-- testng.testngpgm -->
