<?xml version="1.0" encoding="UTF-8"?>
<!-- Generated by org.testng.reporters.JUnitReportReporter -->
<testsuite hostname="Abshaalom" failures="0" tests="1" name="testng.CopyPaste" time="2.574" errors="0" timestamp="2024-09-09T11:36:42 IST" skipped="0">
  <testcase classname="testng.CopyPaste" name="test" time="2.574"/>
  <system-out/>
</testsuite> <!-- testng.CopyPaste -->
