<?xml version="1.0" encoding="UTF-8"?>
<!-- Generated by org.testng.reporters.JUnitReportReporter -->
<testsuite hostname="Abshaalom" failures="0" tests="1" name="testng.Facebooklogintest" time="2.738" errors="0" timestamp="2024-09-11T11:24:41 IST" skipped="0">
  <testcase classname="testng.Facebooklogintest" name="test" time="2.738"/>
  <system-out/>
</testsuite> <!-- testng.Facebooklogintest -->
